app/build/intermediates/manifest_merge_blame_file/release/manifest-merger-blame-release-report.txt
1<?xml version="1.0" encoding="utf-8"?>
2<manifest xmlns:android="http://schemas.android.com/apk/res/android"
3    package="com.example.biometricauthentication"
4    android:versionCode="1"
5    android:versionName="1.0" >
6
7    <uses-sdk
8        android:minSdkVersion="21"
8-->src\main\AndroidManifest.xml
9        android:targetSdkVersion="32" />
9-->src\main\AndroidManifest.xml
10
11    <uses-permission android:name="android.permission.USE_BIOMETRIC" /> <!-- suppress DeprecatedClassUsageInspection -->
11-->[androidx.biometric:biometric:1.2.0-alpha04] AndroidManifest.xml:24:5-72
11-->[androidx.biometric:biometric:1.2.0-alpha04] AndroidManifest.xml:24:22-69
12    <uses-permission android:name="android.permission.USE_FINGERPRINT" />
12-->[androidx.biometric:biometric:1.2.0-alpha04] AndroidManifest.xml:27:5-74
12-->[androidx.biometric:biometric:1.2.0-alpha04] AndroidManifest.xml:27:22-71
13
14    <application
14-->src\main\AndroidManifest.xml:5:5-24:19
15        android:allowBackup="true"
15-->src\main\AndroidManifest.xml:6:9-35
16        android:appComponentFactory="androidx.core.app.CoreComponentFactory"
16-->[androidx.core:core:1.8.0] AndroidManifest.xml:24:18-86
17        android:icon="@mipmap/ic_launcher"
17-->src\main\AndroidManifest.xml:7:9-43
18        android:label="@string/app_name"
18-->src\main\AndroidManifest.xml:8:9-41
19        android:roundIcon="@mipmap/ic_launcher_round"
19-->src\main\AndroidManifest.xml:9:9-54
20        android:supportsRtl="true"
20-->src\main\AndroidManifest.xml:10:9-35
21        android:theme="@style/Theme.Design.NoActionBar" >
21-->src\main\AndroidManifest.xml:11:9-56
22        <activity
22-->src\main\AndroidManifest.xml:12:9-20:20
23            android:name="com.example.biometricauthentication.MainActivity"
23-->src\main\AndroidManifest.xml:13:13-41
24            android:exported="true" >
24-->src\main\AndroidManifest.xml:14:13-36
25            <intent-filter>
25-->src\main\AndroidManifest.xml:15:13-19:29
26                <action android:name="android.intent.action.MAIN" />
26-->src\main\AndroidManifest.xml:16:17-69
26-->src\main\AndroidManifest.xml:16:25-66
27
28                <category android:name="android.intent.category.LAUNCHER" />
28-->src\main\AndroidManifest.xml:18:17-77
28-->src\main\AndroidManifest.xml:18:27-74
29            </intent-filter>
30        </activity>
31        <activity
31-->src\main\AndroidManifest.xml:21:9-23:38
32            android:name="com.example.biometricauthentication.MainActivity2"
32-->src\main\AndroidManifest.xml:22:13-42
33            android:exported="true" />
33-->src\main\AndroidManifest.xml:23:13-36
34
35        <provider
35-->[androidx.emoji2:emoji2:1.2.0] AndroidManifest.xml:24:9-32:20
36            android:name="androidx.startup.InitializationProvider"
36-->[androidx.emoji2:emoji2:1.2.0] AndroidManifest.xml:25:13-67
37            android:authorities="com.example.biometricauthentication.androidx-startup"
37-->[androidx.emoji2:emoji2:1.2.0] AndroidManifest.xml:26:13-68
38            android:exported="false" >
38-->[androidx.emoji2:emoji2:1.2.0] AndroidManifest.xml:27:13-37
39            <meta-data
39-->[androidx.emoji2:emoji2:1.2.0] AndroidManifest.xml:29:13-31:52
40                android:name="androidx.emoji2.text.EmojiCompatInitializer"
40-->[androidx.emoji2:emoji2:1.2.0] AndroidManifest.xml:30:17-75
41                android:value="androidx.startup" />
41-->[androidx.emoji2:emoji2:1.2.0] AndroidManifest.xml:31:17-49
42            <meta-data
42-->[androidx.lifecycle:lifecycle-process:2.4.1] AndroidManifest.xml:31:13-33:52
43                android:name="androidx.lifecycle.ProcessLifecycleInitializer"
43-->[androidx.lifecycle:lifecycle-process:2.4.1] AndroidManifest.xml:32:17-78
44                android:value="androidx.startup" />
44-->[androidx.lifecycle:lifecycle-process:2.4.1] AndroidManifest.xml:33:17-49
45        </provider>
46    </application>
47
48</manifest>